[22Nov2024 00:01:58.708] [Server thread/INFO] [net.minecraft.server.MinecraftServer/]: [Dev: Set the weather to clear]
[22Nov2024 00:01:58.708] [Render thread/INFO] [net.minecraft.client.gui.components.ChatComponent/]: [System] [CHAT] Set the weather to clear
[22Nov2024 00:02:25.790] [Server thread/INFO] [net.minecraft.client.server.IntegratedServer/]: Saving and pausing game...
[22Nov2024 00:02:25.798] [Server thread/INFO] [net.minecraft.server.MinecraftServer/]: Saving chunks for level 'ServerLevel[New World]'/minecraft:overworld
[22Nov2024 00:02:25.805] [Server thread/INFO] [net.minecraft.server.MinecraftServer/]: Saving chunks for level 'ServerLevel[New World]'/minecraft:the_end
[22Nov2024 00:02:25.807] [Server thread/INFO] [net.minecraft.server.MinecraftServer/]: Saving chunks for level 'ServerLevel[New World]'/minecraft:the_nether
[22Nov2024 00:02:32.777] [Render thread/INFO] [net.minecraft.client.gui.components.ChatComponent/]: [System] [CHAT] Command set: execute as @p at @s anchored eyes run particle shatteredsoul:beam ~ ~ ~ ^ ^ ^2 1 0
[22Nov2024 00:02:34.840] [Server thread/INFO] [net.minecraft.client.server.IntegratedServer/]: Saving and pausing game...
[22Nov2024 00:02:34.848] [Server thread/INFO] [net.minecraft.server.MinecraftServer/]: Saving chunks for level 'ServerLevel[New World]'/minecraft:overworld
[22Nov2024 00:02:34.853] [Server thread/INFO] [net.minecraft.server.MinecraftServer/]: Saving chunks for level 'ServerLevel[New World]'/minecraft:the_end
[22Nov2024 00:02:34.856] [Server thread/INFO] [net.minecraft.server.MinecraftServer/]: Saving chunks for level 'ServerLevel[New World]'/minecraft:the_nether
[22Nov2024 00:02:45.272] [Render thread/INFO] [net.minecraft.client.gui.components.ChatComponent/]: [System] [CHAT] Command set: execute as @p at @s anchored eyes run particle shatteredsoul:beam ~ ~ ~ ^ ^ ^2 1 0
[22Nov2024 00:03:02.491] [Server thread/INFO] [net.minecraft.client.server.IntegratedServer/]: Saving and pausing game...
[22Nov2024 00:03:02.497] [Server thread/INFO] [net.minecraft.server.MinecraftServer/]: Saving chunks for level 'ServerLevel[New World]'/minecraft:overworld
[22Nov2024 00:03:02.502] [Server thread/INFO] [net.minecraft.server.MinecraftServer/]: Saving chunks for level 'ServerLevel[New World]'/minecraft:the_end
[22Nov2024 00:03:02.505] [Server thread/INFO] [net.minecraft.server.MinecraftServer/]: Saving chunks for level 'ServerLevel[New World]'/minecraft:the_nether
[22Nov2024 00:03:24.705] [Render thread/INFO] [net.minecraft.client.gui.components.ChatComponent/]: [System] [CHAT] Command set: execute as @p at @s anchored eyes positioned as @s run particle shatteredsoul:beam ~ ~ ~ ^ ^ ^2 1 0
[22Nov2024 00:03:25.940] [Server thread/INFO] [net.minecraft.client.server.IntegratedServer/]: Saving and pausing game...
[22Nov2024 00:03:25.949] [Server thread/INFO] [net.minecraft.server.MinecraftServer/]: Saving chunks for level 'ServerLevel[New World]'/minecraft:overworld
[22Nov2024 00:03:25.953] [Server thread/INFO] [net.minecraft.server.MinecraftServer/]: Saving chunks for level 'ServerLevel[New World]'/minecraft:the_end
[22Nov2024 00:03:25.955] [Server thread/INFO] [net.minecraft.server.MinecraftServer/]: Saving chunks for level 'ServerLevel[New World]'/minecraft:the_nether
[22Nov2024 00:03:42.407] [Render thread/INFO] [net.minecraft.client.gui.components.ChatComponent/]: [System] [CHAT] Command set: execute as @p at @s positioned ~ ~1.6 ~ run particle shatteredsoul:beam ~ ~ ~ ^ ^ ^2 1 0
[22Nov2024 00:03:51.040] [Server thread/INFO] [net.minecraft.client.server.IntegratedServer/]: Saving and pausing game...
[22Nov2024 00:03:51.048] [Server thread/INFO] [net.minecraft.server.MinecraftServer/]: Saving chunks for level 'ServerLevel[New World]'/minecraft:overworld
[22Nov2024 00:03:51.050] [Server thread/INFO] [net.minecraft.server.MinecraftServer/]: Saving chunks for level 'ServerLevel[New World]'/minecraft:the_end
[22Nov2024 00:03:51.052] [Server thread/INFO] [net.minecraft.server.MinecraftServer/]: Saving chunks for level 'ServerLevel[New World]'/minecraft:the_nether
[22Nov2024 00:03:54.089] [Render thread/INFO] [net.minecraft.client.gui.components.ChatComponent/]: [System] [CHAT] Command set: execute as @p at @s positioned ~ ~1.8 ~ run particle shatteredsoul:beam ~ ~ ~ ^ ^ ^2 1 0
[22Nov2024 00:03:56.590] [Server thread/INFO] [net.minecraft.client.server.IntegratedServer/]: Saving and pausing game...
[22Nov2024 00:03:56.598] [Server thread/INFO] [net.minecraft.server.MinecraftServer/]: Saving chunks for level 'ServerLevel[New World]'/minecraft:overworld
[22Nov2024 00:03:56.601] [Server thread/INFO] [net.minecraft.server.MinecraftServer/]: Saving chunks for level 'ServerLevel[New World]'/minecraft:the_end
[22Nov2024 00:03:56.603] [Server thread/INFO] [net.minecraft.server.MinecraftServer/]: Saving chunks for level 'ServerLevel[New World]'/minecraft:the_nether
[22Nov2024 00:03:59.107] [Render thread/INFO] [net.minecraft.client.gui.components.ChatComponent/]: [System] [CHAT] Command set: execute as @p at @s positioned ~ ~1.7 ~ run particle shatteredsoul:beam ~ ~ ~ ^ ^ ^2 1 0
[22Nov2024 00:25:21.191] [Server thread/INFO] [net.minecraft.client.server.IntegratedServer/]: Saving and pausing game...
[22Nov2024 00:25:21.198] [Server thread/INFO] [net.minecraft.server.MinecraftServer/]: Saving chunks for level 'ServerLevel[New World]'/minecraft:overworld
[22Nov2024 00:25:21.203] [Server thread/INFO] [net.minecraft.server.MinecraftServer/]: Saving chunks for level 'ServerLevel[New World]'/minecraft:the_end
[22Nov2024 00:25:21.206] [Server thread/INFO] [net.minecraft.server.MinecraftServer/]: Saving chunks for level 'ServerLevel[New World]'/minecraft:the_nether
[22Nov2024 00:31:33.341] [Server thread/INFO] [net.minecraft.client.server.IntegratedServer/]: Saving and pausing game...
[22Nov2024 00:31:33.348] [Server thread/INFO] [net.minecraft.server.MinecraftServer/]: Saving chunks for level 'ServerLevel[New World]'/minecraft:overworld
[22Nov2024 00:31:33.354] [Server thread/INFO] [net.minecraft.server.MinecraftServer/]: Saving chunks for level 'ServerLevel[New World]'/minecraft:the_end
[22Nov2024 00:31:33.355] [Server thread/INFO] [net.minecraft.server.MinecraftServer/]: Saving chunks for level 'ServerLevel[New World]'/minecraft:the_nether
[22Nov2024 00:31:43.010] [Render thread/INFO] [net.minecraft.client.gui.components.ChatComponent/]: [System] [CHAT] Command set: execute as @p at @s positioned ~ ~1.7 ~ positioned ^ ^ ^1 run particle shatteredsoul:beam ~ ~ ~ ^ ^ ^2 1 0
[22Nov2024 00:32:37.842] [Server thread/INFO] [net.minecraft.client.server.IntegratedServer/]: Saving and pausing game...
[22Nov2024 00:32:37.850] [Server thread/INFO] [net.minecraft.server.MinecraftServer/]: Saving chunks for level 'ServerLevel[New World]'/minecraft:overworld
[22Nov2024 00:32:37.853] [Server thread/INFO] [net.minecraft.server.MinecraftServer/]: Saving chunks for level 'ServerLevel[New World]'/minecraft:the_end
[22Nov2024 00:32:37.855] [Server thread/INFO] [net.minecraft.server.MinecraftServer/]: Saving chunks for level 'ServerLevel[New World]'/minecraft:the_nether
[22Nov2024 00:32:42.222] [Render thread/INFO] [net.minecraft.client.gui.components.ChatComponent/]: [System] [CHAT] Command set: execute as @p at @s positioned ~ ~1.7 ~ positioned ^ ^ ^ run particle shatteredsoul:beam ~ ~ ~ ^ ^ ^2 1 0
[22Nov2024 00:48:20.386] [Server thread/INFO] [net.minecraft.server.MinecraftServer/]: [Dev: Set the weather to clear]
[22Nov2024 00:48:20.388] [Render thread/INFO] [net.minecraft.client.gui.components.ChatComponent/]: [System] [CHAT] Set the weather to clear
[22Nov2024 00:57:59.140] [Server thread/INFO] [net.minecraft.client.server.IntegratedServer/]: Saving and pausing game...
[22Nov2024 00:57:59.148] [Server thread/INFO] [net.minecraft.server.MinecraftServer/]: Saving chunks for level 'ServerLevel[New World]'/minecraft:overworld
[22Nov2024 00:57:59.151] [Server thread/INFO] [net.minecraft.server.MinecraftServer/]: Saving chunks for level 'ServerLevel[New World]'/minecraft:the_end
[22Nov2024 00:57:59.152] [Server thread/INFO] [net.minecraft.server.MinecraftServer/]: Saving chunks for level 'ServerLevel[New World]'/minecraft:the_nether
[22Nov2024 00:58:00.642] [Server thread/INFO] [net.minecraft.client.server.IntegratedServer/]: Saving and pausing game...
[22Nov2024 00:58:00.648] [Server thread/INFO] [net.minecraft.server.MinecraftServer/]: Saving chunks for level 'ServerLevel[New World]'/minecraft:overworld
[22Nov2024 00:58:00.651] [Server thread/INFO] [net.minecraft.server.MinecraftServer/]: Saving chunks for level 'ServerLevel[New World]'/minecraft:the_end
[22Nov2024 00:58:00.651] [Server thread/INFO] [net.minecraft.server.MinecraftServer/]: Saving chunks for level 'ServerLevel[New World]'/minecraft:the_nether
[22Nov2024 00:58:04.339] [Render thread/INFO] [net.minecraft.client.gui.components.ChatComponent/]: [System] [CHAT] Command set: execute as @p at @s positioned ~ ~1.7 ~ positioned ^ ^ ^2 run particle shatteredsoul:beam ~ ~ ~ ^ ^ ^2 1 0
[22Nov2024 00:58:33.742] [Server thread/INFO] [net.minecraft.client.server.IntegratedServer/]: Saving and pausing game...
[22Nov2024 00:58:33.749] [Server thread/INFO] [net.minecraft.server.MinecraftServer/]: Saving chunks for level 'ServerLevel[New World]'/minecraft:overworld
[22Nov2024 00:58:33.752] [Server thread/INFO] [net.minecraft.server.MinecraftServer/]: Saving chunks for level 'ServerLevel[New World]'/minecraft:the_end
[22Nov2024 00:58:33.754] [Server thread/INFO] [net.minecraft.server.MinecraftServer/]: Saving chunks for level 'ServerLevel[New World]'/minecraft:the_nether
[22Nov2024 00:59:35.841] [Server thread/INFO] [net.minecraft.client.server.IntegratedServer/]: Saving and pausing game...
[22Nov2024 00:59:35.847] [Server thread/INFO] [net.minecraft.server.MinecraftServer/]: Saving chunks for level 'ServerLevel[New World]'/minecraft:overworld
[22Nov2024 00:59:35.850] [Server thread/INFO] [net.minecraft.server.MinecraftServer/]: Saving chunks for level 'ServerLevel[New World]'/minecraft:the_end
[22Nov2024 00:59:35.852] [Server thread/INFO] [net.minecraft.server.MinecraftServer/]: Saving chunks for level 'ServerLevel[New World]'/minecraft:the_nether
[22Nov2024 01:01:28.741] [Server thread/INFO] [net.minecraft.client.server.IntegratedServer/]: Saving and pausing game...
[22Nov2024 01:01:28.749] [Server thread/INFO] [net.minecraft.server.MinecraftServer/]: Saving chunks for level 'ServerLevel[New World]'/minecraft:overworld
[22Nov2024 01:01:28.752] [Server thread/INFO] [net.minecraft.server.MinecraftServer/]: Saving chunks for level 'ServerLevel[New World]'/minecraft:the_end
[22Nov2024 01:01:28.753] [Server thread/INFO] [net.minecraft.server.MinecraftServer/]: Saving chunks for level 'ServerLevel[New World]'/minecraft:the_nether
[22Nov2024 01:01:33.115] [Render thread/INFO] [net.minecraft.client.gui.components.ChatComponent/]: [System] [CHAT] Command set: execute positioned ~ ~5 ~ run particle shatteredsoul:beam ~ ~ ~ ^ ^ ^4 1 0
[22Nov2024 01:01:34.442] [Server thread/INFO] [net.minecraft.client.server.IntegratedServer/]: Saving and pausing game...
[22Nov2024 01:01:34.449] [Server thread/INFO] [net.minecraft.server.MinecraftServer/]: Saving chunks for level 'ServerLevel[New World]'/minecraft:overworld
[22Nov2024 01:01:34.452] [Server thread/INFO] [net.minecraft.server.MinecraftServer/]: Saving chunks for level 'ServerLevel[New World]'/minecraft:the_end
[22Nov2024 01:01:34.453] [Server thread/INFO] [net.minecraft.server.MinecraftServer/]: Saving chunks for level 'ServerLevel[New World]'/minecraft:the_nether
[22Nov2024 01:01:37.473] [Render thread/INFO] [net.minecraft.client.gui.components.ChatComponent/]: [System] [CHAT] Command set: execute positioned ~ ~5 ~ run particle shatteredsoul:beam ~ ~ ~ ^ ^4 ^4 1 0
[22Nov2024 01:01:39.841] [Server thread/INFO] [net.minecraft.client.server.IntegratedServer/]: Saving and pausing game...
[22Nov2024 01:01:39.849] [Server thread/INFO] [net.minecraft.server.MinecraftServer/]: Saving chunks for level 'ServerLevel[New World]'/minecraft:overworld
[22Nov2024 01:01:39.852] [Server thread/INFO] [net.minecraft.server.MinecraftServer/]: Saving chunks for level 'ServerLevel[New World]'/minecraft:the_end
[22Nov2024 01:01:39.853] [Server thread/INFO] [net.minecraft.server.MinecraftServer/]: Saving chunks for level 'ServerLevel[New World]'/minecraft:the_nether
[22Nov2024 01:01:42.490] [Render thread/INFO] [net.minecraft.client.gui.components.ChatComponent/]: [System] [CHAT] Command set: execute positioned ~ ~5 ~ run particle shatteredsoul:beam ~ ~ ~ ^ ^ ^4 1 0
[22Nov2024 01:01:44.241] [Server thread/INFO] [net.minecraft.client.server.IntegratedServer/]: Saving and pausing game...
[22Nov2024 01:01:44.245] [Server thread/INFO] [net.minecraft.server.MinecraftServer/]: Saving chunks for level 'ServerLevel[New World]'/minecraft:overworld
[22Nov2024 01:01:44.249] [Server thread/INFO] [net.minecraft.server.MinecraftServer/]: Saving chunks for level 'ServerLevel[New World]'/minecraft:the_end
[22Nov2024 01:01:44.250] [Server thread/INFO] [net.minecraft.server.MinecraftServer/]: Saving chunks for level 'ServerLevel[New World]'/minecraft:the_nether
[22Nov2024 01:01:46.890] [Render thread/INFO] [net.minecraft.client.gui.components.ChatComponent/]: [System] [CHAT] Command set: execute positioned ~ ~5 ~ run particle shatteredsoul:beam ~ ~ ~ ^ ^ ^2 1 0
[22Nov2024 01:01:48.941] [Server thread/INFO] [net.minecraft.client.server.IntegratedServer/]: Saving and pausing game...
[22Nov2024 01:01:48.947] [Server thread/INFO] [net.minecraft.server.MinecraftServer/]: Saving chunks for level 'ServerLevel[New World]'/minecraft:overworld
[22Nov2024 01:01:48.950] [Server thread/INFO] [net.minecraft.server.MinecraftServer/]: Saving chunks for level 'ServerLevel[New World]'/minecraft:the_end
[22Nov2024 01:01:48.951] [Server thread/INFO] [net.minecraft.server.MinecraftServer/]: Saving chunks for level 'ServerLevel[New World]'/minecraft:the_nether
[22Nov2024 01:02:00.719] [Render thread/INFO] [net.minecraft.client.gui.components.ChatComponent/]: [System] [CHAT] Command set: execute as @p at @s positioned ~ ~1.65 ~ positioned ^ ^ ^1 run particle shatteredsoul:beam ~ ~ ~ ^ ^ ^2 1 0
[22Nov2024 01:02:03.640] [Server thread/INFO] [net.minecraft.client.server.IntegratedServer/]: Saving and pausing game...
[22Nov2024 01:02:03.648] [Server thread/INFO] [net.minecraft.server.MinecraftServer/]: Saving chunks for level 'ServerLevel[New World]'/minecraft:overworld
[22Nov2024 01:02:03.650] [Server thread/INFO] [net.minecraft.server.MinecraftServer/]: Saving chunks for level 'ServerLevel[New World]'/minecraft:the_end
[22Nov2024 01:02:03.651] [Server thread/INFO] [net.minecraft.server.MinecraftServer/]: Saving chunks for level 'ServerLevel[New World]'/minecraft:the_nether
[22Nov2024 01:04:08.741] [Server thread/INFO] [net.minecraft.client.server.IntegratedServer/]: Saving and pausing game...
[22Nov2024 01:04:08.746] [Server thread/INFO] [net.minecraft.server.MinecraftServer/]: Saving chunks for level 'ServerLevel[New World]'/minecraft:overworld
[22Nov2024 01:04:08.750] [Server thread/INFO] [net.minecraft.server.MinecraftServer/]: Saving chunks for level 'ServerLevel[New World]'/minecraft:the_end
[22Nov2024 01:04:08.751] [Server thread/INFO] [net.minecraft.server.MinecraftServer/]: Saving chunks for level 'ServerLevel[New World]'/minecraft:the_nether
[22Nov2024 01:04:11.741] [Render thread/INFO] [net.minecraft.client.gui.components.ChatComponent/]: [System] [CHAT] Command set: execute as @p at @s positioned ~ ~1.65 ~ positioned ^ ^ ^1 run particle shatteredsoul:beam ~ ~ ~ ^ ^ ^2 1 0
[22Nov2024 01:04:13.355] [Render thread/INFO] [mixin/]: Mixing core.render.immediate.consumer.VertexConsumersMixin$DualMixin from embeddium.mixins.json into com.mojang.blaze3d.vertex.VertexMultiConsumer$Double
[22Nov2024 01:04:20.240] [Server thread/INFO] [net.minecraft.client.server.IntegratedServer/]: Saving and pausing game...
[22Nov2024 01:04:20.248] [Server thread/INFO] [net.minecraft.server.MinecraftServer/]: Saving chunks for level 'ServerLevel[New World]'/minecraft:overworld
[22Nov2024 01:04:20.251] [Server thread/INFO] [net.minecraft.server.MinecraftServer/]: Saving chunks for level 'ServerLevel[New World]'/minecraft:the_end
[22Nov2024 01:04:20.252] [Server thread/INFO] [net.minecraft.server.MinecraftServer/]: Saving chunks for level 'ServerLevel[New World]'/minecraft:the_nether
[22Nov2024 01:04:23.831] [Render thread/INFO] [net.minecraft.client.gui.components.ChatComponent/]: [System] [CHAT] Command set: execute as @p at @s positioned ~ ~1.65 ~ positioned ^ ^ ^1.5 run particle shatteredsoul:beam ~ ~ ~ ^ ^ ^2 1 0
[22Nov2024 01:04:24.391] [Server thread/INFO] [net.minecraft.client.server.IntegratedServer/]: Saving and pausing game...
[22Nov2024 01:04:24.398] [Server thread/INFO] [net.minecraft.server.MinecraftServer/]: Saving chunks for level 'ServerLevel[New World]'/minecraft:overworld
[22Nov2024 01:04:24.400] [Server thread/INFO] [net.minecraft.server.MinecraftServer/]: Saving chunks for level 'ServerLevel[New World]'/minecraft:the_end
[22Nov2024 01:04:24.401] [Server thread/INFO] [net.minecraft.server.MinecraftServer/]: Saving chunks for level 'ServerLevel[New World]'/minecraft:the_nether
[22Nov2024 01:04:27.248] [Render thread/INFO] [net.minecraft.client.gui.components.ChatComponent/]: [System] [CHAT] Command set: execute as @p at @s positioned ~ ~1.65 ~ positioned ^ ^ ^2 run particle shatteredsoul:beam ~ ~ ~ ^ ^ ^2 1 0
[22Nov2024 01:04:28.392] [Server thread/INFO] [net.minecraft.client.server.IntegratedServer/]: Saving and pausing game...
[22Nov2024 01:04:28.399] [Server thread/INFO] [net.minecraft.server.MinecraftServer/]: Saving chunks for level 'ServerLevel[New World]'/minecraft:overworld
[22Nov2024 01:04:28.402] [Server thread/INFO] [net.minecraft.server.MinecraftServer/]: Saving chunks for level 'ServerLevel[New World]'/minecraft:the_end
[22Nov2024 01:04:28.403] [Server thread/INFO] [net.minecraft.server.MinecraftServer/]: Saving chunks for level 'ServerLevel[New World]'/minecraft:the_nether
[22Nov2024 01:04:32.091] [Render thread/INFO] [net.minecraft.client.gui.components.ChatComponent/]: [System] [CHAT] Command set: execute as @p at @s positioned ~ ~1.65 ~ positioned ^ ^ ^2.5 run particle shatteredsoul:beam ~ ~ ~ ^ ^ ^2 1 0
[22Nov2024 01:04:32.742] [Server thread/INFO] [net.minecraft.client.server.IntegratedServer/]: Saving and pausing game...
[22Nov2024 01:04:32.749] [Server thread/INFO] [net.minecraft.server.MinecraftServer/]: Saving chunks for level 'ServerLevel[New World]'/minecraft:overworld
[22Nov2024 01:04:32.752] [Server thread/INFO] [net.minecraft.server.MinecraftServer/]: Saving chunks for level 'ServerLevel[New World]'/minecraft:the_end
[22Nov2024 01:04:32.752] [Server thread/INFO] [net.minecraft.server.MinecraftServer/]: Saving chunks for level 'ServerLevel[New World]'/minecraft:the_nether
[22Nov2024 01:04:36.029] [Render thread/INFO] [net.minecraft.client.gui.components.ChatComponent/]: [System] [CHAT] Command set: execute as @p at @s positioned ~ ~1.65 ~ positioned ^ ^ ^3 run particle shatteredsoul:beam ~ ~ ~ ^ ^ ^2 1 0
[22Nov2024 01:04:36.691] [Server thread/INFO] [net.minecraft.client.server.IntegratedServer/]: Saving and pausing game...
[22Nov2024 01:04:36.698] [Server thread/INFO] [net.minecraft.server.MinecraftServer/]: Saving chunks for level 'ServerLevel[New World]'/minecraft:overworld
[22Nov2024 01:04:36.700] [Server thread/INFO] [net.minecraft.server.MinecraftServer/]: Saving chunks for level 'ServerLevel[New World]'/minecraft:the_end
[22Nov2024 01:04:36.702] [Server thread/INFO] [net.minecraft.server.MinecraftServer/]: Saving chunks for level 'ServerLevel[New World]'/minecraft:the_nether
[22Nov2024 01:04:40.817] [Render thread/INFO] [net.minecraft.client.gui.components.ChatComponent/]: [System] [CHAT] Command set: execute as @p at @s positioned ~ ~1.65 ~ positioned ^ ^ ^3.5 run particle shatteredsoul:beam ~ ~ ~ ^ ^ ^2 1 0
[22Nov2024 01:04:41.641] [Server thread/INFO] [net.minecraft.client.server.IntegratedServer/]: Saving and pausing game...
[22Nov2024 01:04:41.648] [Server thread/INFO] [net.minecraft.server.MinecraftServer/]: Saving chunks for level 'ServerLevel[New World]'/minecraft:overworld
[22Nov2024 01:04:41.650] [Server thread/INFO] [net.minecraft.server.MinecraftServer/]: Saving chunks for level 'ServerLevel[New World]'/minecraft:the_end
[22Nov2024 01:04:41.652] [Server thread/INFO] [net.minecraft.server.MinecraftServer/]: Saving chunks for level 'ServerLevel[New World]'/minecraft:the_nether
[22Nov2024 01:04:45.016] [Render thread/INFO] [net.minecraft.client.gui.components.ChatComponent/]: [System] [CHAT] Command set: execute as @p at @s positioned ~ ~1.65 ~ positioned ^ ^ ^4 run particle shatteredsoul:beam ~ ~ ~ ^ ^ ^2 1 0
[22Nov2024 01:05:16.291] [Server thread/INFO] [net.minecraft.client.server.IntegratedServer/]: Saving and pausing game...
[22Nov2024 01:05:16.297] [Server thread/INFO] [net.minecraft.server.MinecraftServer/]: Saving chunks for level 'ServerLevel[New World]'/minecraft:overworld
[22Nov2024 01:05:16.299] [Server thread/INFO] [net.minecraft.server.MinecraftServer/]: Saving chunks for level 'ServerLevel[New World]'/minecraft:the_end
[22Nov2024 01:05:16.301] [Server thread/INFO] [net.minecraft.server.MinecraftServer/]: Saving chunks for level 'ServerLevel[New World]'/minecraft:the_nether
[22Nov2024 01:05:22.840] [Server thread/INFO] [net.minecraft.client.server.IntegratedServer/]: Saving and pausing game...
[22Nov2024 01:05:22.848] [Server thread/INFO] [net.minecraft.server.MinecraftServer/]: Saving chunks for level 'ServerLevel[New World]'/minecraft:overworld
[22Nov2024 01:05:22.851] [Server thread/INFO] [net.minecraft.server.MinecraftServer/]: Saving chunks for level 'ServerLevel[New World]'/minecraft:the_end
[22Nov2024 01:05:22.852] [Server thread/INFO] [net.minecraft.server.MinecraftServer/]: Saving chunks for level 'ServerLevel[New World]'/minecraft:the_nether
[22Nov2024 01:06:14.992] [Server thread/INFO] [net.minecraft.client.server.IntegratedServer/]: Saving and pausing game...
[22Nov2024 01:06:14.999] [Server thread/INFO] [net.minecraft.server.MinecraftServer/]: Saving chunks for level 'ServerLevel[New World]'/minecraft:overworld
[22Nov2024 01:06:15.002] [Server thread/INFO] [net.minecraft.server.MinecraftServer/]: Saving chunks for level 'ServerLevel[New World]'/minecraft:the_end
[22Nov2024 01:06:15.003] [Server thread/INFO] [net.minecraft.server.MinecraftServer/]: Saving chunks for level 'ServerLevel[New World]'/minecraft:the_nether
[22Nov2024 01:06:16.176] [Render thread/INFO] [net.minecraft.client.gui.components.ChatComponent/]: [System] [CHAT] Command set: execute as @p at @s positioned ~ ~1.65 ~ positioned ^ ^ ^1 run particle shatteredsoul:beam ~ ~ ~ ^ ^ ^2 1 0
[22Nov2024 01:06:18.641] [Server thread/INFO] [net.minecraft.client.server.IntegratedServer/]: Saving and pausing game...
[22Nov2024 01:06:18.647] [Server thread/INFO] [net.minecraft.server.MinecraftServer/]: Saving chunks for level 'ServerLevel[New World]'/minecraft:overworld
[22Nov2024 01:06:18.649] [Server thread/INFO] [net.minecraft.server.MinecraftServer/]: Saving chunks for level 'ServerLevel[New World]'/minecraft:the_end
[22Nov2024 01:06:18.651] [Server thread/INFO] [net.minecraft.server.MinecraftServer/]: Saving chunks for level 'ServerLevel[New World]'/minecraft:the_nether
[22Nov2024 01:06:20.141] [Server thread/INFO] [net.minecraft.client.server.IntegratedServer/]: Saving and pausing game...
[22Nov2024 01:06:20.148] [Server thread/INFO] [net.minecraft.server.MinecraftServer/]: Saving chunks for level 'ServerLevel[New World]'/minecraft:overworld
[22Nov2024 01:06:20.151] [Server thread/INFO] [net.minecraft.server.MinecraftServer/]: Saving chunks for level 'ServerLevel[New World]'/minecraft:the_end
[22Nov2024 01:06:20.152] [Server thread/INFO] [net.minecraft.server.MinecraftServer/]: Saving chunks for level 'ServerLevel[New World]'/minecraft:the_nether
[22Nov2024 01:06:27.241] [Server thread/INFO] [net.minecraft.client.server.IntegratedServer/]: Saving and pausing game...
[22Nov2024 01:06:27.247] [Server thread/INFO] [net.minecraft.server.MinecraftServer/]: Saving chunks for level 'ServerLevel[New World]'/minecraft:overworld
[22Nov2024 01:06:27.250] [Server thread/INFO] [net.minecraft.server.MinecraftServer/]: Saving chunks for level 'ServerLevel[New World]'/minecraft:the_end
[22Nov2024 01:06:27.251] [Server thread/INFO] [net.minecraft.server.MinecraftServer/]: Saving chunks for level 'ServerLevel[New World]'/minecraft:the_nether
[22Nov2024 01:06:47.541] [Server thread/INFO] [net.minecraft.client.server.IntegratedServer/]: Saving and pausing game...
[22Nov2024 01:06:47.548] [Server thread/INFO] [net.minecraft.server.MinecraftServer/]: Saving chunks for level 'ServerLevel[New World]'/minecraft:overworld
[22Nov2024 01:06:47.551] [Server thread/INFO] [net.minecraft.server.MinecraftServer/]: Saving chunks for level 'ServerLevel[New World]'/minecraft:the_end
[22Nov2024 01:06:47.552] [Server thread/INFO] [net.minecraft.server.MinecraftServer/]: Saving chunks for level 'ServerLevel[New World]'/minecraft:the_nether
[22Nov2024 01:07:02.696] [Render thread/INFO] [net.minecraft.client.gui.components.ChatComponent/]: [System] [CHAT] Command set: execute as @e[tag=shatteredsoul] at @s positioned ~ ~1.65 ~ positioned ^ ^ ^1 run particle shatteredsoul:beam ~ ~ ~ ^ ^ ^2 1 0
[22Nov2024 01:07:03.241] [Server thread/INFO] [net.minecraft.client.server.IntegratedServer/]: Saving and pausing game...
[22Nov2024 01:07:03.247] [Server thread/INFO] [net.minecraft.server.MinecraftServer/]: Saving chunks for level 'ServerLevel[New World]'/minecraft:overworld
[22Nov2024 01:07:03.251] [Server thread/INFO] [net.minecraft.server.MinecraftServer/]: Saving chunks for level 'ServerLevel[New World]'/minecraft:the_end
[22Nov2024 01:07:03.252] [Server thread/INFO] [net.minecraft.server.MinecraftServer/]: Saving chunks for level 'ServerLevel[New World]'/minecraft:the_nether
[22Nov2024 01:07:08.272] [Render thread/INFO] [net.minecraft.client.gui.components.ChatComponent/]: [System] [CHAT] Command set: execute as @e[tag=shatteredsoul] at @s positioned ~ ~1.65 ~ positioned ^ ^ ^1.5 run particle shatteredsoul:beam ~ ~ ~ ^ ^ ^2 1 0
[22Nov2024 01:07:08.890] [Server thread/INFO] [net.minecraft.client.server.IntegratedServer/]: Saving and pausing game...
[22Nov2024 01:07:08.898] [Server thread/INFO] [net.minecraft.server.MinecraftServer/]: Saving chunks for level 'ServerLevel[New World]'/minecraft:overworld
[22Nov2024 01:07:08.901] [Server thread/INFO] [net.minecraft.server.MinecraftServer/]: Saving chunks for level 'ServerLevel[New World]'/minecraft:the_end
[22Nov2024 01:07:08.901] [Server thread/INFO] [net.minecraft.server.MinecraftServer/]: Saving chunks for level 'ServerLevel[New World]'/minecraft:the_nether
[22Nov2024 01:07:14.859] [Render thread/INFO] [net.minecraft.client.gui.components.ChatComponent/]: [System] [CHAT] Command set: execute as @e[tag=shatteredsoul] at @s positioned ~ ~1.65 ~ positioned ^ ^ ^2 run particle shatteredsoul:beam ~ ~ ~ ^ ^ ^2 1 0
[22Nov2024 01:07:15.591] [Server thread/INFO] [net.minecraft.client.server.IntegratedServer/]: Saving and pausing game...
[22Nov2024 01:07:15.597] [Server thread/INFO] [net.minecraft.server.MinecraftServer/]: Saving chunks for level 'ServerLevel[New World]'/minecraft:overworld
[22Nov2024 01:07:15.600] [Server thread/INFO] [net.minecraft.server.MinecraftServer/]: Saving chunks for level 'ServerLevel[New World]'/minecraft:the_end
[22Nov2024 01:07:15.601] [Server thread/INFO] [net.minecraft.server.MinecraftServer/]: Saving chunks for level 'ServerLevel[New World]'/minecraft:the_nether
[22Nov2024 01:07:19.388] [Render thread/INFO] [net.minecraft.client.gui.components.ChatComponent/]: [System] [CHAT] Command set: execute as @p at @e[tag=shatteredsoul] positioned ~ ~1.65 ~ positioned ^ ^ ^2.5 run particle shatteredsoul:beam ~ ~ ~ ^ ^ ^2 1 0
[22Nov2024 01:07:19.991] [Server thread/INFO] [net.minecraft.client.server.IntegratedServer/]: Saving and pausing game...
[22Nov2024 01:07:19.998] [Server thread/INFO] [net.minecraft.server.MinecraftServer/]: Saving chunks for level 'ServerLevel[New World]'/minecraft:overworld
[22Nov2024 01:07:20.001] [Server thread/INFO] [net.minecraft.server.MinecraftServer/]: Saving chunks for level 'ServerLevel[New World]'/minecraft:the_end
[22Nov2024 01:07:20.002] [Server thread/INFO] [net.minecraft.server.MinecraftServer/]: Saving chunks for level 'ServerLevel[New World]'/minecraft:the_nether
[22Nov2024 01:07:26.198] [Render thread/INFO] [net.minecraft.client.gui.components.ChatComponent/]: [System] [CHAT] Command set: execute as @e[tag=shatteredsoul] at @s positioned ~ ~1.65 ~ positioned ^ ^ ^3 run particle shatteredsoul:beam ~ ~ ~ ^ ^ ^2 1 0
[22Nov2024 01:07:27.440] [Server thread/INFO] [net.minecraft.client.server.IntegratedServer/]: Saving and pausing game...
[22Nov2024 01:07:27.447] [Server thread/INFO] [net.minecraft.server.MinecraftServer/]: Saving chunks for level 'ServerLevel[New World]'/minecraft:overworld
[22Nov2024 01:07:27.449] [Server thread/INFO] [net.minecraft.server.MinecraftServer/]: Saving chunks for level 'ServerLevel[New World]'/minecraft:the_end
[22Nov2024 01:07:27.449] [Server thread/INFO] [net.minecraft.server.MinecraftServer/]: Saving chunks for level 'ServerLevel[New World]'/minecraft:the_nether
[22Nov2024 01:07:33.573] [Render thread/INFO] [net.minecraft.client.gui.components.ChatComponent/]: [System] [CHAT] Command set: execute as @e[tag=shatteredsoul] at @s positioned ~ ~1.65 ~ positioned ^ ^ ^3.5 run particle shatteredsoul:beam ~ ~ ~ ^ ^ ^2 1 0
[22Nov2024 01:07:34.042] [Server thread/INFO] [net.minecraft.client.server.IntegratedServer/]: Saving and pausing game...
[22Nov2024 01:07:34.047] [Server thread/INFO] [net.minecraft.server.MinecraftServer/]: Saving chunks for level 'ServerLevel[New World]'/minecraft:overworld
[22Nov2024 01:07:34.049] [Server thread/INFO] [net.minecraft.server.MinecraftServer/]: Saving chunks for level 'ServerLevel[New World]'/minecraft:the_end
[22Nov2024 01:07:34.051] [Server thread/INFO] [net.minecraft.server.MinecraftServer/]: Saving chunks for level 'ServerLevel[New World]'/minecraft:the_nether
[22Nov2024 01:07:38.918] [Render thread/INFO] [net.minecraft.client.gui.components.ChatComponent/]: [System] [CHAT] Command set: execute as @e[tag=shatteredsoul] at @s positioned ~ ~1.65 ~ positioned ^ ^ ^4 run particle shatteredsoul:beam ~ ~ ~ ^ ^ ^2 1 0
[22Nov2024 01:08:01.360] [Server thread/INFO] [net.minecraft.server.MinecraftServer/]: [Dev: Summoned new Pig]
[22Nov2024 01:08:01.363] [Render thread/INFO] [net.minecraft.client.gui.components.ChatComponent/]: [System] [CHAT] Summoned new Pig
[22Nov2024 01:08:07.241] [Server thread/INFO] [net.minecraft.client.server.IntegratedServer/]: Saving and pausing game...
[22Nov2024 01:08:07.247] [Server thread/INFO] [net.minecraft.server.MinecraftServer/]: Saving chunks for level 'ServerLevel[New World]'/minecraft:overworld
[22Nov2024 01:08:07.251] [Server thread/INFO] [net.minecraft.server.MinecraftServer/]: Saving chunks for level 'ServerLevel[New World]'/minecraft:the_end
[22Nov2024 01:08:07.252] [Server thread/INFO] [net.minecraft.server.MinecraftServer/]: Saving chunks for level 'ServerLevel[New World]'/minecraft:the_nether
[22Nov2024 01:08:07.842] [Server thread/INFO] [net.minecraft.client.server.IntegratedServer/]: Saving and pausing game...
[22Nov2024 01:08:07.849] [Server thread/INFO] [net.minecraft.server.MinecraftServer/]: Saving chunks for level 'ServerLevel[New World]'/minecraft:overworld
[22Nov2024 01:08:07.851] [Server thread/INFO] [net.minecraft.server.MinecraftServer/]: Saving chunks for level 'ServerLevel[New World]'/minecraft:the_end
[22Nov2024 01:08:07.852] [Server thread/INFO] [net.minecraft.server.MinecraftServer/]: Saving chunks for level 'ServerLevel[New World]'/minecraft:the_nether
[22Nov2024 01:08:08.341] [Server thread/INFO] [net.minecraft.client.server.IntegratedServer/]: Saving and pausing game...
[22Nov2024 01:08:08.348] [Server thread/INFO] [net.minecraft.server.MinecraftServer/]: Saving chunks for level 'ServerLevel[New World]'/minecraft:overworld
[22Nov2024 01:08:08.351] [Server thread/INFO] [net.minecraft.server.MinecraftServer/]: Saving chunks for level 'ServerLevel[New World]'/minecraft:the_end
[22Nov2024 01:08:08.352] [Server thread/INFO] [net.minecraft.server.MinecraftServer/]: Saving chunks for level 'ServerLevel[New World]'/minecraft:the_nether
[22Nov2024 01:08:10.169] [Render thread/INFO] [net.minecraft.client.gui.components.ChatComponent/]: [System] [CHAT] Command set: execute as @e[tag=shatteredsoul] at @s positioned ~ ~1.65 ~ positioned ^ ^ ^1 run particle shatteredsoul:beam ~ ~ ~ ^ ^ ^2 1 0
[22Nov2024 01:09:08.443] [Server thread/INFO] [io.github.apace100.apoli.Apoli/]: Adding subpower ResourceKey[apoli:configured_power / shatteredsoul:misc/vortex_particle3] from power ResourceKey[apoli:configured_power / shatteredsoul:misc/vortex]
[22Nov2024 01:09:08.445] [Server thread/INFO] [io.github.apace100.apoli.Apoli/]: Adding subpower ResourceKey[apoli:configured_power / shatteredsoul:misc/vortex_particle1] from power ResourceKey[apoli:configured_power / shatteredsoul:misc/vortex]
[22Nov2024 01:09:08.445] [Server thread/INFO] [io.github.apace100.apoli.Apoli/]: Adding subpower ResourceKey[apoli:configured_power / shatteredsoul:misc/vortex_particle2] from power ResourceKey[apoli:configured_power / shatteredsoul:misc/vortex]
[22Nov2024 01:09:08.445] [Server thread/INFO] [io.github.apace100.apoli.Apoli/]: Adding subpower ResourceKey[apoli:configured_power / shatteredsoul:misc/vortex_pull] from power ResourceKey[apoli:configured_power / shatteredsoul:misc/vortex]
[22Nov2024 01:09:08.445] [Server thread/INFO] [io.github.apace100.apoli.Apoli/]: Adding subpower ResourceKey[apoli:configured_power / shatteredsoul:misc/vortex_face] from power ResourceKey[apoli:configured_power / shatteredsoul:misc/vortex]
[22Nov2024 01:09:08.445] [Server thread/INFO] [io.github.apace100.apoli.Apoli/]: Adding subpower ResourceKey[apoli:configured_power / shatteredsoul:misc/vortex_particle0] from power ResourceKey[apoli:configured_power / shatteredsoul:misc/vortex]
[22Nov2024 01:09:36.396] [Server thread/INFO] [mixin/]: Mixing compat1202minus.compat116plus.ExplosionMixin from pehkui.mixins.json into net.minecraft.world.level.Explosion
[22Nov2024 01:09:36.397] [Server thread/INFO] [mixin/]: Mixing common.ExplosionMixin from apugli.mixins.json into net.minecraft.world.level.Explosion
[22Nov2024 01:09:36.398] [Server thread/WARN] [mixin/]: Write access to @Mutable @Final field radius:F in pehkui.mixins.json:compat1202minus.compat116plus.ExplosionMixin::handler$zik000$pehkui$construct
[22Nov2024 01:09:41.290] [Server thread/INFO] [net.minecraft.client.server.IntegratedServer/]: Saving and pausing game...
[22Nov2024 01:09:41.297] [Server thread/INFO] [net.minecraft.server.MinecraftServer/]: Saving chunks for level 'ServerLevel[New World]'/minecraft:overworld
[22Nov2024 01:09:41.301] [Server thread/INFO] [net.minecraft.server.MinecraftServer/]: Saving chunks for level 'ServerLevel[New World]'/minecraft:the_end
[22Nov2024 01:09:41.302] [Server thread/INFO] [net.minecraft.server.MinecraftServer/]: Saving chunks for level 'ServerLevel[New World]'/minecraft:the_nether
[22Nov2024 01:09:42.420] [Render thread/INFO] [net.minecraft.client.gui.components.ChatComponent/]: [System] [CHAT] Command set: execute as @e[tag=shatteredsoul] at @s positioned ~ ~1.65 ~ positioned ^ ^ ^1 run particle shatteredsoul:beam ~ ~ ~ ^ ^ ^2 1 0
[22Nov2024 01:09:50.384] [Server thread/INFO] [net.minecraft.server.MinecraftServer/]: [Dev: Teleported 2 entities to Dev]
[22Nov2024 01:09:50.384] [Render thread/INFO] [net.minecraft.client.gui.components.ChatComponent/]: [System] [CHAT] Teleported 2 entities to Dev
